  RelicAPI.cpp
E:\Program Files\opencv\include\opencv2/core/mat.hpp(1965): warning C4819: 该文件包含不能在当前代码页(936)中表示的字符。请将该文件保存为 Unicode 格式以防止数据丢失
E:\Program Files\opencv\include\opencv2/core/persistence.hpp : warning C4819: 该文件包含不能在当前代码页(936)中表示的字符。请将该文件保存为 Unicode 格式以防止数据丢失
E:\Program Files\opencv\include\opencv2/core/utility.hpp : warning C4819: 该文件包含不能在当前代码页(936)中表示的字符。请将该文件保存为 Unicode 格式以防止数据丢失
E:\Program Files\opencv\include\opencv2/core/utility.hpp : warning C4819: 该文件包含不能在当前代码页(936)中表示的字符。请将该文件保存为 Unicode 格式以防止数据丢失
  RelicStructs.cpp
  main_entrance.cpp
E:\Program Files\opencv\include\opencv2/core/mat.hpp(1965): warning C4819: 该文件包含不能在当前代码页(936)中表示的字符。请将该文件保存为 Unicode 格式以防止数据丢失
E:\Program Files\opencv\include\opencv2/core/persistence.hpp : warning C4819: 该文件包含不能在当前代码页(936)中表示的字符。请将该文件保存为 Unicode 格式以防止数据丢失
E:\Program Files\opencv\include\opencv2/core/utility.hpp : warning C4819: 该文件包含不能在当前代码页(936)中表示的字符。请将该文件保存为 Unicode 格式以防止数据丢失
E:\Program Files\opencv\include\opencv2/core/utility.hpp : warning C4819: 该文件包含不能在当前代码页(936)中表示的字符。请将该文件保存为 Unicode 格式以防止数据丢失
    正在创建库 F:\Tdevelop\TMT\ApartmentReality\ServerApp\RelicDetect\x64\Release\RelicAPI.lib 和对象 F:\Tdevelop\TMT\ApartmentReality\ServerApp\RelicDetect\x64\Release\RelicAPI.exp
  正在生成代码
  203 of 3138 functions ( 6.5%) were compiled, the rest were copied from previous compilation.
    84 functions were new in current compilation
    223 functions had inline decision re-evaluated but remain unchanged
  已完成代码的生成
lib_json.lib(json_writer.obj) : warning LNK4099: 未找到 PDB“lib_json.pdb”(使用“lib_json.lib(json_writer.obj)”或在“F:\Tdevelop\TMT\ApartmentReality\ServerApp\RelicDetect\x64\Release\lib_json.pdb”中寻找)；正在链接对象，如同没有调试信息一样
lib_json.lib(json_value.obj) : warning LNK4099: 未找到 PDB“lib_json.pdb”(使用“lib_json.lib(json_value.obj)”或在“F:\Tdevelop\TMT\ApartmentReality\ServerApp\RelicDetect\x64\Release\lib_json.pdb”中寻找)；正在链接对象，如同没有调试信息一样
lib_json.lib(json_reader.obj) : warning LNK4099: 未找到 PDB“lib_json.pdb”(使用“lib_json.lib(json_reader.obj)”或在“F:\Tdevelop\TMT\ApartmentReality\ServerApp\RelicDetect\x64\Release\lib_json.pdb”中寻找)；正在链接对象，如同没有调试信息一样
  RelicAPI.vcxproj -> F:\Tdevelop\TMT\ApartmentReality\ServerApp\RelicDetect\x64\Release\RelicAPI.exe
